# JRE version: OpenJDK Runtime Environment (8.0_152-b01) (build 1.8.0_152-release-1343-b01)
# Java VM: OpenJDK 64-Bit Server VM (25.152-b01 mixed mode windows-amd64 compressed oops)
Heap:
 PSYoungGen      total 376832K, used 367587K [0x00000000e0000000, 0x00000000f9300000, 0x0000000100000000)
  eden space 346112K, 100% used [0x00000000e0000000,0x00000000f5200000,0x00000000f5200000)
  from space 30720K, 69% used [0x00000000f7080000,0x00000000f8578df0,0x00000000f8e80000)
  to   space 31232K, 60% used [0x00000000f5200000,0x00000000f6499868,0x00000000f7080000)
 ParOldGen       total 592384K, used 418283K [0x00000000a0000000, 0x00000000c4280000, 0x00000000e0000000)
  object space 592384K, 70% used [0x00000000a0000000,0x00000000b987af18,0x00000000c4280000)
 Metaspace       used 80635K, capacity 85068K, committed 85400K, reserved 1122304K
  class space    used 10487K, capacity 11565K, committed 11680K, reserved 1048576K
GC Heap History (10 events):
Event: 9.439 GC heap after
Heap after GC invocations=11 (full 2):
 PSYoungGen      total 248832K, used 15108K [0x00000000e0000000, 0x00000000f5080000, 0x0000000100000000)
  eden space 227840K, 0% used [0x00000000e0000000,0x00000000e0000000,0x00000000ede80000)
  from space 20992K, 71% used [0x00000000ede80000,0x00000000eed412e8,0x00000000ef300000)
  to   space 21504K, 0% used [0x00000000f3b80000,0x00000000f3b80000,0x00000000f5080000)
 ParOldGen       total 166400K, used 23922K [0x00000000a0000000, 0x00000000aa280000, 0x00000000e0000000)
  object space 166400K, 14% used [0x00000000a0000000,0x00000000a175c900,0x00000000aa280000)
 Metaspace       used 57436K, capacity 58994K, committed 59160K, reserved 1099776K
  class space    used 7669K, capacity 8136K, committed 8224K, reserved 1048576K
}
Event: 9.439 GC heap before
{Heap before GC invocations=12 (full 3):
 PSYoungGen      total 248832K, used 15108K [0x00000000e0000000, 0x00000000f5080000, 0x0000000100000000)
  eden space 227840K, 0% used [0x00000000e0000000,0x00000000e0000000,0x00000000ede80000)
  from space 20992K, 71% used [0x00000000ede80000,0x00000000eed412e8,0x00000000ef300000)
  to   space 21504K, 0% used [0x00000000f3b80000,0x00000000f3b80000,0x00000000f5080000)
 ParOldGen       total 166400K, used 23922K [0x00000000a0000000, 0x00000000aa280000, 0x00000000e0000000)
  object space 166400K, 14% used [0x00000000a0000000,0x00000000a175c900,0x00000000aa280000)
 Metaspace       used 57436K, capacity 58994K, committed 59160K, reserved 1099776K
  class space    used 7669K, capacity 8136K, committed 8224K, reserved 1048576K
Event: 9.590 GC heap after
Heap after GC invocations=12 (full 3):
 PSYoungGen      total 248832K, used 0K [0x00000000e0000000, 0x00000000f5080000, 0x0000000100000000)
  eden space 227840K, 0% used [0x00000000e0000000,0x00000000e0000000,0x00000000ede80000)
  from space 20992K, 0% used [0x00000000ede80000,0x00000000ede80000,0x00000000ef300000)
  to   space 21504K, 0% used [0x00000000f3b80000,0x00000000f3b80000,0x00000000f5080000)
 ParOldGen       total 229376K, used 31037K [0x00000000a0000000, 0x00000000ae000000, 0x00000000e0000000)
  object space 229376K, 13% used [0x00000000a0000000,0x00000000a1e4f750,0x00000000ae000000)
 Metaspace       used 57436K, capacity 58994K, committed 59160K, reserved 1099776K
  class space    used 7669K, capacity 8136K, committed 8224K, reserved 1048576K
}
Event: 12.172 GC heap before
{Heap before GC invocations=13 (full 3):
 PSYoungGen      total 248832K, used 227840K [0x00000000e0000000, 0x00000000f5080000, 0x0000000100000000)
  eden space 227840K, 100% used [0x00000000e0000000,0x00000000ede80000,0x00000000ede80000)
  from space 20992K, 0% used [0x00000000ede80000,0x00000000ede80000,0x00000000ef300000)
  to   space 21504K, 0% used [0x00000000f3b80000,0x00000000f3b80000,0x00000000f5080000)
 ParOldGen       total 229376K, used 31037K [0x00000000a0000000, 0x00000000ae000000, 0x00000000e0000000)
  object space 229376K, 13% used [0x00000000a0000000,0x00000000a1e4f750,0x00000000ae000000)
 Metaspace       used 63409K, capacity 65390K, committed 65432K, reserved 1105920K
  class space    used 8603K, capacity 9095K, committed 9120K, reserved 1048576K
Event: 12.205 GC heap after
Heap after GC invocations=13 (full 3):
 PSYoungGen      total 307200K, used 21401K [0x00000000e0000000, 0x00000000f5080000, 0x0000000100000000)
  eden space 285696K, 0% used [0x00000000e0000000,0x00000000e0000000,0x00000000f1700000)
  from space 21504K, 99% used [0x00000000f3b80000,0x00000000f5066688,0x00000000f5080000)
  to   space 23552K, 0% used [0x00000000f2280000,0x00000000f2280000,0x00000000f3980000)
 ParOldGen       total 229376K, used 31045K [0x00000000a0000000, 0x00000000ae000000, 0x00000000e0000000)
  object space 229376K, 13% used [0x00000000a0000000,0x00000000a1e51750,0x00000000ae000000)
 Metaspace       used 63409K, capacity 65390K, committed 65432K, reserved 1105920K
  class space    used 8603K, capacity 9095K, committed 9120K, reserved 1048576K
}
Event: 1823.632 GC heap before
{Heap before GC invocations=14 (full 3):
 PSYoungGen      total 307200K, used 307097K [0x00000000e0000000, 0x00000000f5080000, 0x0000000100000000)
  eden space 285696K, 100% used [0x00000000e0000000,0x00000000f1700000,0x00000000f1700000)
  from space 21504K, 99% used [0x00000000f3b80000,0x00000000f5066688,0x00000000f5080000)
  to   space 23552K, 0% used [0x00000000f2280000,0x00000000f2280000,0x00000000f3980000)
 ParOldGen       total 229376K, used 31045K [0x00000000a0000000, 0x00000000ae000000, 0x00000000e0000000)
  object space 229376K, 13% used [0x00000000a0000000,0x00000000a1e51750,0x00000000ae000000)
 Metaspace       used 72460K, capacity 75492K, committed 75544K, reserved 1114112K
  class space    used 9536K, capacity 10252K, committed 10272K, reserved 1048576K
Event: 1823.662 GC heap after
Heap after GC invocations=14 (full 3):
 PSYoungGen      total 321024K, used 23545K [0x00000000e0000000, 0x00000000f8e80000, 0x0000000100000000)
  eden space 297472K, 0% used [0x00000000e0000000,0x00000000e0000000,0x00000000f2280000)
  from space 23552K, 99% used [0x00000000f2280000,0x00000000f397e7e8,0x00000000f3980000)
  to   space 30720K, 0% used [0x00000000f7080000,0x00000000f7080000,0x00000000f8e80000)
 ParOldGen       total 229376K, used 42169K [0x00000000a0000000, 0x00000000ae000000, 0x00000000e0000000)
  object space 229376K, 18% used [0x00000000a0000000,0x00000000a292e610,0x00000000ae000000)
 Metaspace       used 72460K, capacity 75492K, committed 75544K, reserved 1114112K
  class space    used 9536K, capacity 10252K, committed 10272K, reserved 1048576K
}
Event: 2069.657 GC heap before
{Heap before GC invocations=15 (full 3):
 PSYoungGen      total 321024K, used 321017K [0x00000000e0000000, 0x00000000f8e80000, 0x0000000100000000)
  eden space 297472K, 100% used [0x00000000e0000000,0x00000000f2280000,0x00000000f2280000)
  from space 23552K, 99% used [0x00000000f2280000,0x00000000f397e7e8,0x00000000f3980000)
  to   space 30720K, 0% used [0x00000000f7080000,0x00000000f7080000,0x00000000f8e80000)
 ParOldGen       total 229376K, used 42169K [0x00000000a0000000, 0x00000000ae000000, 0x00000000e0000000)
  object space 229376K, 18% used [0x00000000a0000000,0x00000000a292e610,0x00000000ae000000)
 Metaspace       used 75240K, capacity 78834K, committed 79128K, reserved 1118208K
  class space    used 9854K, capacity 10708K, committed 10784K, reserved 1048576K
Event: 2069.720 GC heap after
Heap after GC invocations=15 (full 3):
 PSYoungGen      total 376832K, used 21475K [0x00000000e0000000, 0x00000000f9300000, 0x0000000100000000)
  eden space 346112K, 0% used [0x00000000e0000000,0x00000000e0000000,0x00000000f5200000)
  from space 30720K, 69% used [0x00000000f7080000,0x00000000f8578df0,0x00000000f8e80000)
  to   space 31232K, 0% used [0x00000000f5200000,0x00000000f5200000,0x00000000f7080000)
 ParOldGen       total 229376K, used 55321K [0x00000000a0000000, 0x00000000ae000000, 0x00000000e0000000)
  object space 229376K, 24% used [0x00000000a0000000,0x00000000a36067a0,0x00000000ae000000)
 Metaspace       used 75240K, capacity 78834K, committed 79128K, reserved 1118208K
  class space    used 9854K, capacity 10708K, committed 10784K, reserved 1048576K
}
Event: 6893.227 GC heap before
{Heap before GC invocations=16 (full 3):
 PSYoungGen      total 376832K, used 367587K [0x00000000e0000000, 0x00000000f9300000, 0x0000000100000000)
  eden space 346112K, 100% used [0x00000000e0000000,0x00000000f5200000,0x00000000f5200000)
  from space 30720K, 69% used [0x00000000f7080000,0x00000000f8578df0,0x00000000f8e80000)
  to   space 31232K, 0% used [0x00000000f5200000,0x00000000f5200000,0x00000000f7080000)
 ParOldGen       total 229376K, used 55321K [0x00000000a0000000, 0x00000000ae000000, 0x00000000e0000000)
  object space 229376K, 24% used [0x00000000a0000000,0x00000000a36067a0,0x00000000ae000000)
 Metaspace       used 80635K, capacity 85068K, committed 85400K, reserved 1122304K
  class space    used 10487K, capacity 11565K, committed 11680K, reserved 1048576K

